Determining if the pthread_create exist failed with the following output:
Change Dir: /home/jacob/phantom_image_ws/build/catkin_tools_prebuild/CMakeFiles/CMakeTmp

Run Build Command:"/usr/bin/make" "cmTC_93193/fast"
/usr/bin/make -f CMakeFiles/cmTC_93193.dir/build.make CMakeFiles/cmTC_93193.dir/build
make[1]: Entering directory '/home/jacob/phantom_image_ws/build/catkin_tools_prebuild/CMakeFiles/CMakeTmp'
Building C object CMakeFiles/cmTC_93193.dir/CheckSymbolExists.c.o
/usr/bin/cc     -o CMakeFiles/cmTC_93193.dir/CheckSymbolExists.c.o   -c /home/jacob/phantom_image_ws/build/catkin_tools_prebuild/CMakeFiles/CMakeTmp/CheckSymbolExists.c
Linking C executable cmTC_93193
/usr/bin/cmake -E cmake_link_script CMakeFiles/cmTC_93193.dir/link.txt --verbose=1
/usr/bin/cc       CMakeFiles/cmTC_93193.dir/CheckSymbolExists.c.o  -o cmTC_93193 -rdynamic 
CMakeFiles/cmTC_93193.dir/CheckSymbolExists.c.o: In function `main':
CheckSymbolExists.c:(.text+0x16): undefined reference to `pthread_create'
collect2: error: ld returned 1 exit status
CMakeFiles/cmTC_93193.dir/build.make:97: recipe for target 'cmTC_93193' failed
make[1]: *** [cmTC_93193] Error 1
make[1]: Leaving directory '/home/jacob/phantom_image_ws/build/catkin_tools_prebuild/CMakeFiles/CMakeTmp'
Makefile:126: recipe for target 'cmTC_93193/fast' failed
make: *** [cmTC_93193/fast] Error 2

File /home/jacob/phantom_image_ws/build/catkin_tools_prebuild/CMakeFiles/CMakeTmp/CheckSymbolExists.c:
/* */
#include <pthread.h>

int main(int argc, char** argv)
{
  (void)argv;
#ifndef pthread_create
  return ((int*)(&pthread_create))[argc];
#else
  (void)argc;
  return 0;
#endif
}

Determining if the function pthread_create exists in the pthreads failed with the following output:
Change Dir: /home/jacob/phantom_image_ws/build/catkin_tools_prebuild/CMakeFiles/CMakeTmp

Run Build Command:"/usr/bin/make" "cmTC_35729/fast"
/usr/bin/make -f CMakeFiles/cmTC_35729.dir/build.make CMakeFiles/cmTC_35729.dir/build
make[1]: Entering directory '/home/jacob/phantom_image_ws/build/catkin_tools_prebuild/CMakeFiles/CMakeTmp'
Building C object CMakeFiles/cmTC_35729.dir/CheckFunctionExists.c.o
/usr/bin/cc    -DCHECK_FUNCTION_EXISTS=pthread_create   -o CMakeFiles/cmTC_35729.dir/CheckFunctionExists.c.o   -c /usr/share/cmake-3.5/Modules/CheckFunctionExists.c
Linking C executable cmTC_35729
/usr/bin/cmake -E cmake_link_script CMakeFiles/cmTC_35729.dir/link.txt --verbose=1
/usr/bin/cc   -DCHECK_FUNCTION_EXISTS=pthread_create    CMakeFiles/cmTC_35729.dir/CheckFunctionExists.c.o  -o cmTC_35729 -rdynamic -lpthreads 
/usr/bin/ld: cannot find -lpthreads
collect2: error: ld returned 1 exit status
CMakeFiles/cmTC_35729.dir/build.make:97: recipe for target 'cmTC_35729' failed
make[1]: *** [cmTC_35729] Error 1
make[1]: Leaving directory '/home/jacob/phantom_image_ws/build/catkin_tools_prebuild/CMakeFiles/CMakeTmp'
Makefile:126: recipe for target 'cmTC_35729/fast' failed
make: *** [cmTC_35729/fast] Error 2


