[01m[K/home/jacob/phantom_image_ws/src/phantom/src/phantom.cpp:11:6:[m[K [01;31m[Kerror: [m[K‘[01m[KSubcriber[m[K’ in namespace ‘[01m[Kros[m[K’ does not name a type
 ros::Subcriber chatter_sub;
[01;32m[K      ^[m[K
[01m[K/home/jacob/phantom_image_ws/src/phantom/src/phantom.cpp:12:6:[m[K [01;31m[Kerror: [m[K‘[01m[KSubcriber[m[K’ in namespace ‘[01m[Kros[m[K’ does not name a type
 ros::Subcriber chatter2_sub;
[01;32m[K      ^[m[K
[01m[K/home/jacob/phantom_image_ws/src/phantom/src/phantom.cpp:[m[K In constructor ‘[01m[KImage::Image()[m[K’:
[01m[K/home/jacob/phantom_image_ws/src/phantom/src/phantom.cpp:22:9:[m[K [01;31m[Kerror: [m[Kclass ‘[01m[KImage[m[K’ does not have any field named ‘[01m[Kclient[m[K’
         client("move_base"), points_initialized(0)
[01;32m[K         ^[m[K
[01m[K/home/jacob/phantom_image_ws/src/phantom/src/phantom.cpp:22:30:[m[K [01;31m[Kerror: [m[Kclass ‘[01m[KImage[m[K’ does not have any field named ‘[01m[Kpoints_initialized[m[K’
         client("move_base"), points_initialized(0)
[01;32m[K                              ^[m[K
[01m[K/home/jacob/phantom_image_ws/src/phantom/src/phantom.cpp:26:3:[m[K [01;31m[Kerror: [m[K‘[01m[Kchatter_sub[m[K’ was not declared in this scope
   chatter_sub = n.subscribe( "chatter", 10, &Image::_listen_cb, this);
[01;32m[K   ^[m[K
[01m[K/home/jacob/phantom_image_ws/src/phantom/src/phantom.cpp:27:3:[m[K [01;31m[Kerror: [m[K‘[01m[Kchatter2_sub[m[K’ was not declared in this scope
   chatter2_sub = n.subscribe( "chatter2", 10, &Image::_clear_cb, this);
[01;32m[K   ^[m[K
[01m[K/home/jacob/phantom_image_ws/src/phantom/src/phantom.cpp:27:48:[m[K [01;31m[Kerror: [m[K‘[01m[K_clear_cb[m[K’ is not a member of ‘[01m[KImage[m[K’
   chatter2_sub = n.subscribe( "chatter2", 10, &Image::_clear_cb, this);
[01;32m[K                                                ^[m[K
make[2]: *** [CMakeFiles/phantom_node.dir/src/phantom.cpp.o] Error 1
make[1]: *** [CMakeFiles/phantom_node.dir/all] Error 2
make: *** [all] Error 2
