[01m[K/home/jacob/phantom_image_ws/src/phantom/src/phantom.cpp:12:6:[m[K [01;31m[Kerror: [m[K‘[01m[KSubcriber[m[K’ in namespace ‘[01m[Kros[m[K’ does not name a type
 ros::Subcriber chatter_sub;
[01;32m[K      ^[m[K
[01m[K/home/jacob/phantom_image_ws/src/phantom/src/phantom.cpp:13:6:[m[K [01;31m[Kerror: [m[K‘[01m[KSubcriber[m[K’ in namespace ‘[01m[Kros[m[K’ does not name a type
 ros::Subcriber chatter2_sub;
[01;32m[K      ^[m[K
[01m[K/home/jacob/phantom_image_ws/src/phantom/src/phantom.cpp:22:8:[m[K [01;31m[Kerror: [m[KISO C++ forbids declaration of ‘[01m[KRoute[m[K’ with no type [-fpermissive]
  Route() :
[01;32m[K        ^[m[K
[01m[K/home/jacob/phantom_image_ws/src/phantom/src/phantom.cpp:24:2:[m[K [01;31m[Kerror: [m[K‘[01m[Kchatter_sub[m[K’ does not name a type
  chatter_sub = n.subscribe( "chatter", 10, &Route::_listen_cb, this)
[01;32m[K  ^[m[K
[01m[K/home/jacob/phantom_image_ws/src/phantom/src/phantom.cpp:27:1:[m[K [01;31m[Kerror: [m[Kexpected ‘[01m[K;[m[K’ after class definition
 }
[01;32m[K ^[m[K
[01m[K/home/jacob/phantom_image_ws/src/phantom/src/phantom.cpp:[m[K In member function ‘[01m[Kint Image::Route()[m[K’:
[01m[K/home/jacob/phantom_image_ws/src/phantom/src/phantom.cpp:23:2:[m[K [01;31m[Kerror: [m[Konly constructors take member initializers
  ros::NodeHandle n;
[01;32m[K  ^[m[K
[01m[K/home/jacob/phantom_image_ws/src/phantom/src/phantom.cpp:23:7:[m[K [01;31m[Kerror: [m[Ktype ‘[01m[Kros::NodeHandle[m[K’ is not a direct base of ‘[01m[KImage[m[K’
  ros::NodeHandle n;
[01;32m[K       ^[m[K
[01m[K/home/jacob/phantom_image_ws/src/phantom/src/phantom.cpp:23:18:[m[K [01;31m[Kerror: [m[Kexpected ‘[01m[K([m[K’ before ‘[01m[Kn[m[K’
  ros::NodeHandle n;
[01;32m[K                  ^[m[K
[01m[K/home/jacob/phantom_image_ws/src/phantom/src/phantom.cpp:23:18:[m[K [01;31m[Kerror: [m[Kexpected ‘[01m[K{[m[K’ before ‘[01m[Kn[m[K’
make[2]: *** [CMakeFiles/phantom_node.dir/src/phantom.cpp.o] Error 1
make[1]: *** [CMakeFiles/phantom_node.dir/all] Error 2
make: *** [all] Error 2
