Not searching for unused variables given on the command line.
[36m--[0m Using CATKIN_DEVEL_PREFIX: /home/jacob/phantom_image_ws/devel/.private/phantom
[36m--[0m Using CMAKE_PREFIX_PATH: /home/jacob/phantom_image_ws/devel;/opt/ros/kinetic
[36m--[0m This workspace overlays: /home/jacob/phantom_image_ws/devel;/opt/ros/kinetic
[36m--[0m Using PYTHON_EXECUTABLE: /usr/bin/python
[36m--[0m Using Debian Python package layout
[36m--[0m Using empy: /usr/bin/empy
[36m--[0m Using CATKIN_ENABLE_TESTING: ON
[36m--[0m Call enable_testing()
[36m--[0m Using CATKIN_TEST_RESULTS_DIR: /home/jacob/phantom_image_ws/build/phantom/test_results
[36m--[0m Found gtest sources under '/usr/src/gtest': gtests will be built
[36m--[0m Using Python nosetests: /usr/bin/nosetests-2.7
[36m--[0m catkin 0.7.4
[36m--[0m Using these message generators: gencpp;geneus;genlisp;gennodejs;genpy
[31m[1mCMake Error[0m at /home/jacob/phantom_image_ws/src/phantom/CMakeLists.txt:132 (target_link_libraries):
  Cannot specify link libraries for target
  "phantom_node/opt/ros/kinetic/lib/libactionlib.so" which is not built by
  this project.


[36m--[0m Configuring incomplete, errors occurred!
See also "/home/jacob/phantom_image_ws/build/phantom/CMakeFiles/CMakeOutput.log".
See also "/home/jacob/phantom_image_ws/build/phantom/CMakeFiles/CMakeError.log".
